  AlgorithmCyrusBeck.vcxproj -> I:\lazarus_projects\2020\Labs\hw_04_widows_forms\AlgorithmCyrusBeck\x64\Debug\AlgorithmCyrusBeck.exe

Итоги по проекту:
      296 мс вызовов   1 I:\lazarus_projects\2020\Labs\hw_04_widows_forms\AlgorithmCyrusBeck\AlgorithmCyrusBeck.vcxproj
                296 мс вызовов   1 Build                                   

Итоги по целям:
        0 мс вызовов   1 BeforeResGen                            
        0 мс вызовов   1 ComputeMetaGenInputs                    
        0 мс вызовов   1 ComputeLinkSwitches                     
        0 мс вызовов   1 PreLinkEvent                            
        0 мс вызовов   1 DoLinkOutputFilesMatch                  
        0 мс вызовов   1 PrepareResourceNames                    
        0 мс вызовов   1 CreateCustomManifestResourceNames       
        0 мс вызовов   1 ComputeLinkInputsFromProject            
        0 мс вызовов   1 ComputeCLGeneratedLinkInputs            
        0 мс вызовов   1 ComputeManifestGeneratedLinkerInputs    
        0 мс вызовов   1 ComputeRCGeneratedLinkInputs            
        0 мс вызовов   1 MetaGenInputsOutputs                    
        0 мс вызовов   1 ComputeRCOutputs                        
        0 мс вызовов   1 BuildCompile                            
        0 мс вызовов   1 _BuildCompileAction                     
        0 мс вызовов   1 AfterBuildCompileEvent                  
        0 мс вызовов   1 _ResourceCompile                        
        0 мс вызовов   1 AfterResourceCompile                    
        0 мс вызовов   1 MakeDirsForResourceCompile              
        0 мс вызовов   1 _ResGen                                 
        0 мс вызовов   1 ResGen                                  
        0 мс вызовов   1 AfterResGen                             
        0 мс вызовов   1 _ClCompile                              
        0 мс вызовов   1 ComputeLegacyManifestEmbedding          
        0 мс вызовов   1 AfterClCompile                          
        0 мс вызовов   1 MetaGen                                 
        0 мс вызовов   1 _Link                                   
        0 мс вызовов   1 AfterBuild                              
        0 мс вызовов   1 BuildLink                               
        0 мс вызовов   1 _BuildLinkAction                        
        0 мс вызовов   1 PostBuildEvent                          
        0 мс вызовов   1 PrepareForRun                           
        0 мс вызовов   1 _CopySourceItemsToOutputDirectory       
        0 мс вызовов   1 _GetCopyToOutputDirectoryItemsFromThisProject
        0 мс вызовов   1 _GetCopyToOutputDirectoryItemsFromTransitiveProjectReferences
        0 мс вызовов   1 GetCopyToOutputDirectoryXamlAppDefs     
        0 мс вызовов   1 _PopulateCommonStateForGetCopyToOutputDirectoryItems
        0 мс вызовов   1 AfterLink                               
        0 мс вызовов   1 _Deploy                                 
        0 мс вызовов   1 CreateSatelliteAssemblies               
        0 мс вызовов   1 _BscMake                                
        0 мс вызовов   1 MakeDirsForBscMake                      
        0 мс вызовов   1 ComputeCLCompileGeneratedSbrFiles       
        0 мс вызовов   1 _XdcMake                                
        0 мс вызовов   1 MakeDirsForXdcMake                      
        0 мс вызовов   1 ComputeCLCompileGeneratedXDCFiles       
        0 мс вызовов   1 ResolvedXDCMake                         
        0 мс вызовов   1 _Manifest                               
        0 мс вызовов   1 _ALink                                  
        0 мс вызовов   1 _Appverifier                            
        0 мс вызовов   1 SelectClCompile                         
        0 мс вызовов   1 Build                                   
        0 мс вызовов   1 BeforeBuildGenerateSources              
        0 мс вызовов   1 ComputeMIDLGeneratedCompileInputs       
        0 мс вызовов   1 _Xsd                                    
        0 мс вызовов   1 GetResolvedWinMD                        
        0 мс вызовов   1 ComputeCustomBuildOutput                
        0 мс вызовов   1 SelectCustomBuild                       
        0 мс вызовов   1 _SelectedFiles                          
        0 мс вызовов   1 PreBuildEvent                           
        0 мс вызовов   1 _SplitProjectReferencesByFileExistence  
        0 мс вызовов   1 AfterMidl                               
        0 мс вызовов   1 PrepareProjectReferences                
        0 мс вызовов   1 ResolveReferences                       
        0 мс вызовов   1 ImplicitlyExpandDesignTimeFacades       
        0 мс вызовов   1 AfterResolveReferences                  
        0 мс вызовов   1 GenerateBindingRedirects                
        0 мс вызовов   1 _RemoveZipFileSuggestedRedirect         
        0 мс вызовов   1 ExpandSDKReferences                     
        0 мс вызовов   1 ResolveSDKReferences                    
        0 мс вызовов   1 SetCABuildNativeEnvironmentVariables    
        0 мс вызовов   1 ResolveProjectReferences                
        0 мс вызовов   1 _Midl                                   
        0 мс вызовов   1 CopyFileToFolders                       
        0 мс вызовов   1 AfterBuildGenerateSourcesEvent          
        0 мс вызовов   1 _BuildGenerateSourcesAction             
        0 мс вызовов   1 _PrepareForBuild                        
        0 мс вызовов   1 BeforeResolveReferences                 
        0 мс вызовов   1 BuildGenerateSources                    
        0 мс вызовов   1 ComputeCLInputPDBName                   
        0 мс вызовов   1 AfterBuildGenerateSources               
        0 мс вызовов   1 BuildCompileTraverse                    
        0 мс вызовов   1 BeforeClCompile                         
        0 мс вызовов   1 _GenerateSatelliteAssemblyInputs        
        0 мс вызовов   1 BeforeResourceCompile                   
        0 мс вызовов   1 GetReferenceAssemblyPaths               
        0 мс вызовов   1 _HandlePackageFileConflicts             
        0 мс вызовов   1 ComputeCLOutputs                        
        0 мс вызовов   1 _PrepareForReferenceResolution          
        0 мс вызовов   1 MakeDirsForCl                           
        0 мс вызовов   1 _CheckForCompileOutputs                 
        0 мс вызовов   1 _CheckWindowsSDKInstalled               
        0 мс вызовов   1 SplitResourcesByCulture                 
        0 мс вызовов   1 MakeDirsForMidl                         
        0 мс вызовов   1 BeforeLink                              
        0 мс вызовов   1 SetTelemetryEnvironmentVariables        
        0 мс вызовов   1 ComputeManifestInputsTargets            
        0 мс вызовов   1 BuildGenerateSourcesTraverse            
        0 мс вызовов   1 ComputeReferenceCLInput                 
        0 мс вызовов   1 GenerateTargetFrameworkMonikerAttribute 
        0 мс вызовов   1 SetBuildDefaultEnvironmentVariables     
        0 мс вызовов   1 GetFrameworkPaths                       
        0 мс вызовов   1 AssignTargetPaths                       
        0 мс вызовов   1 CopyFilesToOutputDirectory              
        0 мс вызовов   1 MakeDirsForLink                         
        0 мс вызовов   1 ImplicitlyExpandNETStandardFacades      
        0 мс вызовов   1 AssignProjectConfiguration              
        0 мс вызовов   1 BuildLinkTraverse                       
        1 мс вызовов   1 CustomBuild                             
        1 мс вызовов   1 FixupCLCompileOptions                   
        1 мс вызовов   1 FinalizeBuildStatus                     
        1 мс вызовов   1 FindReferenceAssembliesForReferences    
        1 мс вызовов   1 GetCopyToOutputDirectoryItems           
        1 мс вызовов   1 _GetProjectReferenceTargetFrameworkProperties
        1 мс вызовов   1 IncrementalClean                        
        1 мс вызовов   1 WarnCompileDuplicatedFilename           
        1 мс вызовов   1 _CleanGetCurrentAndPriorFileWrites      
        2 мс вызовов   1 CreateManifestResourceNames             
        2 мс вызовов   1 _CheckForInvalidConfigurationAndPlatform
        4 мс вызовов   1 PrepareForBuild                         
        5 мс вызовов   1 ManagedIncrementalBuildPreProcessDependencyGraph
        6 мс вызовов   1 ManagedIncrementalBuildPostProcessDependencyGraph
        8 мс вызовов   1 InitializeBuildStatus                   
        8 мс вызовов   1 Link                                    
        8 мс вызовов   1 ResolveAssemblyReferences               
       13 мс вызовов   1 ClCompile                               
      212 мс вызовов   1 CoreResGen                              

Итоги по задачам:
        0 мс вызовов   1 ConvertToAbsolutePath                   
        0 мс вызовов   1 MSBuild                                 
        0 мс вызовов   1 GetReferenceAssemblyPaths               
        0 мс вызовов   1 CheckVCToolsetVersion                   
        0 мс вызовов   1 Copy                                    
        0 мс вызовов   1 GenerateBindingRedirects                
        0 мс вызовов   2 ReadLinesFromFile                       
        0 мс вызовов   2 RemoveDuplicates                        
        0 мс вызовов   1 AssignCulture                           
        0 мс вызовов   3 GetOutOfDateItems                       
        0 мс вызовов   1 ResolvePackageFileConflicts             
        0 мс вызовов   9 MakeDir                                 
        0 мс вызовов   2 CallTarget                              
        0 мс вызовов   8 SetEnv                                  
        0 мс вызовов   7 AssignTargetPath                        
        0 мс вызовов   1 CreateCSharpManifestResourceName        
        0 мс вызовов   3 Message                                 
        0 мс вызовов   1 AssignProjectConfiguration              
        1 мс вызовов   2 Delete                                  
        1 мс вызовов   2 Touch                                   
        1 мс вызовов   5 FindUnderPath                           
        5 мс вызовов   1 MIBPreProcessDependencyGraph            
        6 мс вызовов   1 MIBPostProcessDependencyGraph           
        7 мс вызовов   1 Link                                    
        8 мс вызовов   2 WriteLinesToFile                        
        8 мс вызовов   1 ResolveAssemblyReference                
       12 мс вызовов   1 CL                                      
      211 мс вызовов   1 GenerateResource                        
